<?xml version="1.0" encoding="UTF-8"?>
<!-- Generated by org.testng.reporters.JUnitReportReporter -->
<testsuite hostname="DESKTOP-2MMP4KU" failures="0" tests="1" name="com.qa.testLayer.HomePageWikipediaTest" time="15.256" errors="0" timestamp="2022-10-17T15:55:20 IST" skipped="0">
  <testcase classname="com.qa.testLayer.HomePageWikipediaTest" name="ValidateSearchFunctionality" time="15.256"/>
  <system-out/>
</testsuite> <!-- com.qa.testLayer.HomePageWikipediaTest -->
