<?xml version="1.0" encoding="UTF-8"?>
<!-- Generated by org.testng.reporters.JUnitReportReporter -->
<testsuite hostname="DESKTOP-2MMP4KU" failures="0" tests="1" name="com.qa.testLayer.ResultPageIMDBTest" time="70.815" errors="0" timestamp="2022-10-17T11:08:12 IST" skipped="0">
  <testcase classname="com.qa.testLayer.ResultPageIMDBTest" name="VarifyClickOnMovieTitleFunctionality" time="70.815"/>
  <system-out/>
</testsuite> <!-- com.qa.testLayer.ResultPageIMDBTest -->
