<?xml version="1.0" encoding="UTF-8"?>
<!-- Generated by org.testng.reporters.JUnitReportReporter -->
<testsuite hostname="DESKTOP-2MMP4KU" failures="0" tests="1" name="com.qa.testLayer.HomePageImdbTest" time="44.869" errors="0" timestamp="2022-10-17T11:03:44 IST" skipped="0">
  <testcase classname="com.qa.testLayer.HomePageImdbTest" name="VerifySearchFunctionalityOfIMDB" time="44.869"/>
  <system-out/>
</testsuite> <!-- com.qa.testLayer.HomePageImdbTest -->
